#[1]   robotek.asm
    4                       .inesprg 1
    5                       .ineschr 1
    6                       .inesmir 0
    7                       .inesmap 0
    8           0000        .rsset $0000
    9                       
   10           0000      pointerLo       .rs 1
   11           0001      pointerHi       .rs 1
   12           0002      frame_counter   .rs 1
   13           0003      state         .rs 1
   14           0004      can_press_t     .rs 1
   15           0005      run_intro       .rs 1
   16           0006      text          .rs 1
   17           0007      can_move        .rs 1
   18           0008      level         .rs 1
   19           0009      palette_style   .rs 1
   20           000A      is_credits      .rs 1
   21           000B      pause         .rs 1
   22                     ;; Background ;;
   23           000C      scrollX       .rs 1
   24           000D      scrollY       .rs 1
   25                     ;; Tmps ;;
   26           000E      tmp1          .rs 1
   27           000F      talk            .rs 1
   28           0010      can_print_lifes .rs 1
   29                     ;; Buttons ;;
   30           0011      a_button              .rs 1
   31           0012      b_button        .rs 1
   32           0013      select        .rs 1
   33           0014      start         .rs 1
   34                     ;; Player ;;
   35           0015      direction       .rs 1
   36           0016      is_moving       .rs 1
   37           0017      is_hiting       .rs 1
   38           0018      lifes         .rs 1
   39           0019      is_hiding             .rs 1
   40                       
   41           0000        .bank 0
   42           C000        .org $C000
   43                       
   44  00:C000            reset:
   45  00:C000  78          sei ; Set interrupt flag
   46  00:C001  D8          cld ; Clear decimal flag
   47  00:C002  A2 40       ldx #$40
   48  00:C004  8E 17 40    stx $4017
   49  00:C007  A2 FF       ldx #$ff
   50  00:C009  9A          txs
   51  00:C00A  E8          inx
   52  00:C00B  8E 00 20    stx $2000
   53  00:C00E  8E 01 20    stx $2001
   54  00:C011  8E 10 40    stx $4010
   55                       
   56  00:C014            wblank1:
   57  00:C014  2C 02 20    bit $2002
   58  00:C017  10 FB       bpl wblank1
   59                     
   60  00:C019            clrmem:
   61  00:C019  A9 00       lda #$00
   62  00:C01B  9D 00 00    sta $0000, x
   63  00:C01E  9D 00 01    sta $0100, x
   64  00:C021  9D 00 03    sta $0300, x
   65  00:C024  9D 00 04    sta $0400, x
   66  00:C027  9D 00 05    sta $0500, x
   67  00:C02A  9D 00 06    sta $0600, x
   68  00:C02D  9D 00 07    sta $0700, x
   69  00:C030  A9 FE       lda #$FE
   70  00:C032  9D 00 02    sta $0200, x
   71  00:C035  E8          inx
   72  00:C036  D0 E1       bne clrmem
   73                       
   74  00:C038            wblank2:
   75  00:C038  2C 02 20    bit $2002
   76  00:C03B  10 FB       bpl wblank2
   77                       
   78  00:C03D            load_palette:
   79  00:C03D  AD 02 20    lda $2002
   80  00:C040  A9 3F       lda #$3F
   81  00:C042  8D 06 20    sta $2006
   82  00:C045  A2 00       ldx #$00
   83  00:C047  8E 06 20    stx $2006
   84                       
   85  00:C04A            load_palette_loop:
   86  00:C04A  BD 00 E0    lda palette1,x
   87  00:C04D  8D 07 20    sta $2007
   88  00:C050  E8          inx
   89  00:C051  E0 10       cpx #$10
   90  00:C053  D0 F5       bne load_palette_loop
   91                       
   92  00:C055            load_credits_background:
   93  00:C055  A2 00       ldx #$00
   94  00:C057  A0 00       ldy #$00
   95  00:C059  AD 02 20    lda $2002
   96  00:C05C  A9 20       lda #$20
   97  00:C05E  8D 06 20    sta $2006
   98  00:C061  8E 06 20    stx $2006
   99                     
  100  00:C064  A9 94       lda #LOW(credits)
  101  00:C066  8D 00 00    sta pointerLo
  102  00:C069  A9 E0       lda #HIGH(credits)
  103  00:C06B  8D 01 00    sta pointerHi
  104                     
  105  00:C06E            load_credits_background_loop:  
  106  00:C06E  B1 00       lda [pointerLo],y
  107  00:C070  8D 07 20    sta $2007
  108  00:C073  C8          iny
  109  00:C074  C0 00       cpy #$00
  110  00:C076  D0 F6       bne load_credits_background_loop
  111  00:C078  EE 01 00    inc pointerHi
  112  00:C07B  E8          inx
  113  00:C07C  E0 04       cpx #$04
  114  00:C07E  D0 EE       bne load_credits_background_loop
  115                       
  116  00:C080            set_ppucnt:
  117  00:C080  A9 88       lda #%10001000
  118  00:C082  8D 00 20    sta $2000
  119  00:C085  A9 1E       lda #%00011110
  120  00:C087  8D 01 20    sta $2001
  121                       
  122                     ;--Game--;
  123  00:C08A  A2 00       ldx #$00
  124                       
  125  00:C08C            delay_background
  126  00:C08C  AD 02 00    lda frame_counter
  127  00:C08F            wait_background:
  128  00:C08F  CD 02 00    cmp frame_counter
  129  00:C092  F0 FB       beq wait_background
  130  00:C094  E8          inx
  131  00:C095  E0 FF       cpx #$FF
  132  00:C097  D0 F3       bne delay_background
  133                       
  134  00:C099  A9 00       lda #$00
  135  00:C09B  8D 01 20    sta $2001
  136  00:C09E            load_main_menu_background:
  137  00:C09E  A2 00       ldx #$00
  138  00:C0A0  A0 00       ldy #$00
  139  00:C0A2  AD 02 20    lda $2002
  140  00:C0A5  A9 20       lda #$20
  141  00:C0A7  8D 06 20    sta $2006
  142  00:C0AA  8E 06 20    stx $2006
  143                     
  144  00:C0AD  A9 94       lda #LOW(main_menu)
  145  00:C0AF  8D 00 00    sta pointerLo
  146  00:C0B2  A9 E4       lda #HIGH(main_menu)
  147  00:C0B4  8D 01 00    sta pointerHi
  148                     
  149  00:C0B7            load_main_menu_background_loop:  
  150  00:C0B7  B1 00       lda [pointerLo],y
  151  00:C0B9  8D 07 20    sta $2007
  152  00:C0BC  C8          iny
  153  00:C0BD  C0 00       cpy #$00
  154  00:C0BF  D0 F6       bne load_main_menu_background_loop
  155  00:C0C1  EE 01 00    inc pointerHi
  156  00:C0C4  E8          inx
  157  00:C0C5  E0 04       cpx #$04
  158  00:C0C7  D0 EE       bne load_main_menu_background_loop
  159                       
  160  00:C0C9  A9 1E       lda #%00011110
  161  00:C0CB  8D 01 20    sta $2001
  162                       
  163  00:C0CE  A9 01       lda #$01
  164  00:C0D0  8D 04 00    sta can_press_t
  165                       
  166  00:C0D3            game_wait:
  167  00:C0D3  AD 03 00    lda state
  168  00:C0D6  C9 01       cmp #$01
  169  00:C0D8  F0 43       beq load_game
  170  00:C0DA  C9 FF       cmp #$FF
  171  00:C0DC  F0 03       beq load_settings
  172  00:C0DE  4C D3 C0    jmp game_wait
  173                       
  174  00:C0E1            load_settings:
  175  00:C0E1  A9 00       lda #$00
  176  00:C0E3  8D 01 20    sta $2001 ; Disable PPU
  177                       
  178  00:C0E6            load_settings_bkg:
  179  00:C0E6  A2 00       ldx #$00
  180  00:C0E8  A0 00       ldy #$00
  181  00:C0EA  AD 02 20    lda $2002
  182  00:C0ED  A9 20       lda #$20
  183  00:C0EF  8D 06 20    sta $2006
  184  00:C0F2  8E 06 20    stx $2006
  185                     
  186  00:C0F5  A9 94       lda #LOW(settings_bkg)
  187  00:C0F7  8D 00 00    sta pointerLo
  188  00:C0FA  A9 EC       lda #HIGH(settings_bkg)
  189  00:C0FC  8D 01 00    sta pointerHi
  190                     
  191  00:C0FF            load_settings_bkg_loop:  
  192  00:C0FF  B1 00       lda [pointerLo],y
  193  00:C101  8D 07 20    sta $2007
  194  00:C104  C8          iny
  195  00:C105  C0 00       cpy #$00
  196  00:C107  D0 F6       bne load_settings_bkg_loop
  197  00:C109  EE 01 00    inc pointerHi
  198  00:C10C  E8          inx
  199  00:C10D  E0 04       cpx #$04
  200  00:C10F  D0 EE       bne load_settings_bkg_loop
  201                       
  202  00:C111  A9 1E       lda #%00011110
  203  00:C113  8D 01 20    sta $2001 ; Enable PPU
  204                       
  205  00:C116            game_wait2:
  206  00:C116  AD 03 00    lda state
  207  00:C119  C9 01       cmp #$01
  208  00:C11B  D0 F9       bne game_wait2
  209                       
  210  00:C11D            load_game:
  211  00:C11D  A9 00       lda #$00
  212  00:C11F  8D 01 20    sta $2001 ; Disable PPU
  213                       
  214  00:C122            load_game_palette:
  215  00:C122  A2 00       ldx #$00
  216  00:C124  AD 02 20    lda $2002
  217  00:C127  A9 3F       lda #$3F
  218  00:C129  8D 06 20    sta $2006
  219  00:C12C  8E 06 20    stx $2006
  220                       
  221  00:C12F  AD 09 00    lda palette_style
  222  00:C132  C9 02       cmp #$02
  223  00:C134  F0 24       beq load_game_palette_loop2
  224  00:C136  C9 01       cmp #$01
  225  00:C138  F0 12       beq load_game_palette_loop1
  226  00:C13A  C9 00       cmp #$00
  227  00:C13C  F0 00       beq load_game_palette_loop0
  228                       
  229  00:C13E            load_game_palette_loop0:
  230  00:C13E  BD 10 E0    lda palette2,x
  231  00:C141  8D 07 20    sta $2007
  232  00:C144  E8          inx 
  233  00:C145  E0 14       cpx #$14
  234  00:C147  D0 F5       bne load_game_palette_loop0
  235  00:C149  4C 65 C1    jmp load_intro_background
  236                       
  237  00:C14C            load_game_palette_loop1:
  238  00:C14C  BD 24 E0    lda gb_palette,x
  239  00:C14F  8D 07 20    sta $2007
  240  00:C152  E8          inx
  241  00:C153  E0 14       cpx #$14
  242  00:C155  D0 F5       bne load_game_palette_loop1
  243  00:C157  4C 65 C1    jmp load_intro_background
  244                       
  245  00:C15A            load_game_palette_loop2:
  246  00:C15A  BD 38 E0    lda bt_palette,x
  247  00:C15D  8D 07 20    sta $2007
  248  00:C160  E8          inx
  249  00:C161  E0 14       cpx #$14
  250  00:C163  D0 F5       bne load_game_palette_loop2
  251                       
  252  00:C165            load_intro_background:
  253  00:C165  A2 00       ldx #$00
  254  00:C167  A0 00       ldy #$00
  255  00:C169  AD 02 20    lda $2002
  256  00:C16C  A9 20       lda #$20
  257  00:C16E  8D 06 20    sta $2006
  258  00:C171  8E 06 20    stx $2006
  259                     
  260  00:C174  A9 94       lda #LOW(intro)
  261  00:C176  8D 00 00    sta pointerLo
  262  00:C179  A9 E8       lda #HIGH(intro)
  263  00:C17B  8D 01 00    sta pointerHi
  264                     
  265  00:C17E            load_intro_background_loop:  
  266  00:C17E  B1 00       lda [pointerLo],y
  267  00:C180  8D 07 20    sta $2007
  268  00:C183  C8          iny
  269  00:C184  C0 00       cpy #$00
  270  00:C186  D0 F6       bne load_intro_background_loop
  271  00:C188  EE 01 00    inc pointerHi
  272  00:C18B  E8          inx
  273  00:C18C  E0 04       cpx #$04 ; Intro
  274  00:C18E  D0 EE       bne load_intro_background_loop
  275                       
  276  00:C190            load_level_1:
  277  00:C190  A2 00       ldx #$00
  278  00:C192  A0 00       ldy #$00
  279  00:C194  AD 02 20    lda $2002
  280  00:C197  A9 28       lda #$28
  281  00:C199  8D 06 20    sta $2006
  282  00:C19C  8E 06 20    stx $2006
  283                     
  284  00:C19F  A9 94       lda #LOW(level1)
  285  00:C1A1  8D 00 00    sta pointerLo
  286  00:C1A4  A9 F0       lda #HIGH(level1)
  287  00:C1A6  8D 01 00    sta pointerHi
  288                       
  289  00:C1A9            load_level_1_loop:
  290  00:C1A9  B1 00       lda [pointerLo],y
  291  00:C1AB  8D 07 20    sta $2007
  292  00:C1AE  C8          iny
  293  00:C1AF  C0 00       cpy #$00
  294  00:C1B1  D0 F6       bne load_level_1_loop
  295  00:C1B3  EE 01 00    inc pointerHi
  296  00:C1B6  E8          inx
  297  00:C1B7  E0 04       cpx #$04
  298  00:C1B9  D0 EE       bne load_level_1_loop
  299                       
  300  00:C1BB  AD 02 20    lda $2002
  301  00:C1BE  A9 2A       lda #$2A
  302  00:C1C0  8D 06 20    sta $2006
  303  00:C1C3  A9 BB       lda #$BB
  304  00:C1C5  8D 06 20    sta $2006
  305  00:C1C8  A9 23       lda #$23
  306  00:C1CA  8D 07 20    sta $2007
  307                       
  308  00:C1CD  A9 1E       lda #%00011110
  309  00:C1CF  8D 01 20    sta $2001 ; Enable PPU
  310  00:C1D2  A9 88       lda #%10001000
  311  00:C1D4  8D 00 20    sta $2000
  312                       
  313  00:C1D7  A9 01       lda #$01
  314  00:C1D9  8D 05 00    sta run_intro
  315  00:C1DC  A2 00       ldx #$00
  316                       
  317  00:C1DE            animate_intro:
  318  00:C1DE  AD 02 00    lda frame_counter
  319  00:C1E1            animate_intro_delay:
  320  00:C1E1  CD 02 00    cmp frame_counter
  321  00:C1E4  F0 FB       beq animate_intro_delay
  322  00:C1E6  E8          inx
  323  00:C1E7  E0 F0       cpx #$F0
  324  00:C1E9  D0 F3       bne animate_intro
  325                       
  326  00:C1EB  A9 00       lda #$00
  327  00:C1ED  8D 05 00    sta run_intro
  328                       
  329  00:C1F0  A9 8A       lda #%10001010
  330  00:C1F2  8D 00 20    sta $2000
  331                       
  332  00:C1F5            load_player_sprite:
  333  00:C1F5  A2 00       ldx #$00
  334  00:C1F7            load_player_sprite_loop:
  335  00:C1F7  BD 4C E0    lda player,x
  336  00:C1FA  9D 00 02    sta $0200,x ; Sprite address in RAM
  337  00:C1FD  E8          inx
  338  00:C1FE  E0 28       cpx #40
  339  00:C200  D0 F5       bne load_player_sprite_loop
  340                       
  341  00:C202  A9 03       lda #$03
  342  00:C204  8D 18 00    sta lifes
  343                       
  344  00:C207  A2 00       ldx #$00
  345                       
  346  00:C209            delay1:
  347  00:C209  AD 02 00    lda frame_counter
  348  00:C20C            wait1:
  349  00:C20C  CD 02 00    cmp frame_counter
  350  00:C20F  F0 FB       beq wait1
  351  00:C211  E8          inx
  352  00:C212  E0 3C       cpx #60
  353  00:C214  D0 F3       bne delay1
  354                       
  355  00:C216            load_bill:
  356  00:C216  AD 02 20    lda $2002
  357  00:C219  A9 2A       lda #$2A
  358  00:C21B  8D 06 20    sta $2006
  359  00:C21E  A9 C0       lda #$C0
  360  00:C220  8D 06 20    sta $2006
  361  00:C223  A9 96       lda #$96
  362  00:C225  8D 07 20    sta $2007
  363  00:C228  A9 97       lda #$97
  364  00:C22A  8D 07 20    sta $2007
  365  00:C22D  8D 07 20    sta $2007
  366  00:C230  8D 07 20    sta $2007
  367  00:C233  8D 07 20    sta $2007
  368  00:C236  A9 98       lda #$98
  369  00:C238  8D 07 20    sta $2007
  370                       
  371  00:C23B  AD 02 20    lda $2002
  372  00:C23E  A9 2A       lda #$2A
  373  00:C240  8D 06 20    sta $2006
  374  00:C243  A9 E0       lda #$E0
  375  00:C245  8D 06 20    sta $2006
  376                       
  377  00:C248  A9 9C       lda #$9C
  378  00:C24A  8D 07 20    sta $2007
  379                       
  380  00:C24D  A9 80       lda #$80
  381  00:C24F  8D 07 20    sta $2007
  382  00:C252  A9 81       lda #$81
  383  00:C254  8D 07 20    sta $2007
  384  00:C257  A9 82       lda #$82
  385  00:C259  8D 07 20    sta $2007
  386  00:C25C  A9 83       lda #$83
  387  00:C25E  8D 07 20    sta $2007
  388                       
  389  00:C261  A9 9D       lda #$9D
  390  00:C263  8D 07 20    sta $2007
  391                       
  392  00:C266  AD 02 20    lda $2002
  393  00:C269  A9 2B       lda #$2B
  394  00:C26B  8D 06 20    sta $2006
  395  00:C26E  A9 00       lda #$00
  396  00:C270  8D 06 20    sta $2006
  397                       
  398  00:C273  A9 9C       lda #$9C
  399  00:C275  8D 07 20    sta $2007
  400  00:C278  A9 84       lda #$84
  401  00:C27A  8D 07 20    sta $2007
  402  00:C27D  A9 85       lda #$85
  403  00:C27F  8D 07 20    sta $2007
  404  00:C282  A9 86       lda #$86
  405  00:C284  8D 07 20    sta $2007
  406  00:C287  A9 87       lda #$87
  407  00:C289  8D 07 20    sta $2007
  408  00:C28C  A9 9D       lda #$9D
  409  00:C28E  8D 07 20    sta $2007
  410                       
  411  00:C291  AD 02 20    lda $2002
  412  00:C294  A9 2B       lda #$2B
  413  00:C296  8D 06 20    sta $2006
  414  00:C299  A9 20       lda #$20
  415  00:C29B  8D 06 20    sta $2006
  416                       
  417  00:C29E  A9 9C       lda #$9C
  418  00:C2A0  8D 07 20    sta $2007
  419  00:C2A3  A9 88       lda #$88
  420  00:C2A5  8D 07 20    sta $2007
  421  00:C2A8  A9 89       lda #$89
  422  00:C2AA  8D 07 20    sta $2007
  423  00:C2AD  A9 8A       lda #$8A
  424  00:C2AF  8D 07 20    sta $2007
  425  00:C2B2  A9 8B       lda #$8B
  426  00:C2B4  8D 07 20    sta $2007
  427  00:C2B7  A9 9D       lda #$9D
  428  00:C2B9  8D 07 20    sta $2007
  429                       
  430  00:C2BC  AD 02 20    lda $2002
  431  00:C2BF  A9 2B       lda #$2B
  432  00:C2C1  8D 06 20    sta $2006
  433  00:C2C4  A9 40       lda #$40
  434  00:C2C6  8D 06 20    sta $2006
  435                       
  436  00:C2C9  A9 9C       lda #$9C
  437  00:C2CB  8D 07 20    sta $2007
  438  00:C2CE  A9 8C       lda #$8C
  439  00:C2D0  8D 07 20    sta $2007
  440  00:C2D3  A9 8D       lda #$8D
  441  00:C2D5  8D 07 20    sta $2007
  442  00:C2D8  A9 8E       lda #$8E
  443  00:C2DA  8D 07 20    sta $2007
  444  00:C2DD  A9 8F       lda #$8F
  445  00:C2DF  8D 07 20    sta $2007
  446  00:C2E2  A9 9D       lda #$9D
  447  00:C2E4  8D 07 20    sta $2007
  448                       
  449  00:C2E7  A9 2B       lda #$2B
  450  00:C2E9  8D 06 20    sta $2006
  451  00:C2EC  A9 60       lda #$60
  452  00:C2EE  8D 06 20    sta $2006
  453                       
  454  00:C2F1  A9 9C       lda #$9C
  455  00:C2F3  8D 07 20    sta $2007
  456  00:C2F6  A9 90       lda #$90
  457  00:C2F8  8D 07 20    sta $2007
  458  00:C2FB  A9 91       lda #$91
  459  00:C2FD  8D 07 20    sta $2007
  460  00:C300  A9 92       lda #$92
  461  00:C302  8D 07 20    sta $2007
  462  00:C305  A9 93       lda #$93
  463  00:C307  8D 07 20    sta $2007
  464  00:C30A  A9 9D       lda #$9D
  465  00:C30C  8D 07 20    sta $2007
  466                       
  467  00:C30F  AD 02 20    lda $2002
  468  00:C312  A9 2B       lda #$2B
  469  00:C314  8D 06 20    sta $2006
  470  00:C317  A9 80       lda #$80
  471  00:C319  8D 06 20    sta $2006
  472                       
  473  00:C31C  A9 D3       lda #$D3
  474  00:C31E  8D 07 20    sta $2007
  475                       
  476  00:C321  A9 D4       lda #$D4
  477  00:C323  8D 07 20    sta $2007
  478  00:C326  8D 07 20    sta $2007
  479  00:C329  8D 07 20    sta $2007
  480  00:C32C  8D 07 20    sta $2007
  481  00:C32F  A9 D5       lda #$D5
  482  00:C331  8D 07 20    sta $2007
  483                       
  484  00:C334            load_text_1:
  485  00:C334  AD 02 20    lda $2002
  486  00:C337  A9 2B       lda #$2B
  487  00:C339  8D 06 20    sta $2006
  488  00:C33C  A9 06       lda #$06
  489  00:C33E  8D 06 20    sta $2006
  490  00:C341  A2 00       ldx #$00
  491  00:C343            load_text_1_loop:
  492  00:C343  BD 94 F8    lda text1,x
  493  00:C346  C9 FF       cmp #$FF
  494  00:C348  F0 07       beq set_talk
  495  00:C34A  8D 07 20    sta $2007
  496  00:C34D  E8          inx
  497  00:C34E  4C 43 C3    jmp load_text_1_loop
  498                     
  499  00:C351            set_talk:  
  500  00:C351  A9 01       lda #$01
  501  00:C353  8D 0F 00    sta talk
  502                       
  503  00:C356            wait_for_text2:
  504  00:C356  AD 06 00    lda text
  505  00:C359  C9 01       cmp #$01
  506  00:C35B  D0 F9       bne wait_for_text2
  507                       
  508  00:C35D            load_text_2:
  509  00:C35D  AD 02 20    lda $2002
  510  00:C360  A9 2B       lda #$2B
  511  00:C362  8D 06 20    sta $2006
  512  00:C365  A9 06       lda #$06
  513  00:C367  8D 06 20    sta $2006
  514  00:C36A  A2 00       ldx #$00
  515  00:C36C            load_text_2_loop:
  516  00:C36C  BD A1 F8    lda text2,x
  517  00:C36F  C9 FF       cmp #$FF
  518  00:C371  F0 07       beq load_text_2p1
  519  00:C373  8D 07 20    sta $2007
  520  00:C376  E8          inx
  521  00:C377  4C 6C C3    jmp load_text_2_loop
  522                       
  523  00:C37A            load_text_2p1:
  524  00:C37A  AD 02 20    lda $2002
  525  00:C37D  A9 2B       lda #$2B
  526  00:C37F  8D 06 20    sta $2006
  527  00:C382  A9 26       lda #$26
  528  00:C384  8D 06 20    sta $2006
  529  00:C387  A2 00       ldx #$00
  530  00:C389            load_text_2p1_loop:
  531  00:C389  BD B9 F8    lda text2p1,x
  532  00:C38C  C9 FF       cmp #$FF
  533  00:C38E  F0 07       beq load_text_2p2
  534  00:C390  8D 07 20    sta $2007
  535  00:C393  E8          inx
  536  00:C394  4C 89 C3    jmp load_text_2p1_loop
  537                       
  538  00:C397            load_text_2p2:
  539  00:C397  AD 02 20    lda $2002
  540  00:C39A  A9 2B       lda #$2B
  541  00:C39C  8D 06 20    sta $2006
  542  00:C39F  A9 46       lda #$46
  543  00:C3A1  8D 06 20    sta $2006
  544  00:C3A4  A2 00       ldx #$00
  545  00:C3A6            load_text_2p2_loop:
  546  00:C3A6  BD D1 F8    lda text2p2,x
  547  00:C3A9  C9 FF       cmp #$FF
  548  00:C3AB  F0 07       beq wait_for_text3
  549  00:C3AD  8D 07 20    sta $2007
  550  00:C3B0  E8          inx
  551  00:C3B1  4C A6 C3    jmp load_text_2p2_loop
  552                       
  553                       
  554  00:C3B4            wait_for_text3:
  555  00:C3B4  AD 06 00    lda text
  556  00:C3B7  C9 02       cmp #$02
  557  00:C3B9  D0 F9       bne wait_for_text3
  558                       
  559  00:C3BB            load_text_3:
  560  00:C3BB  AD 02 20    lda $2002
  561  00:C3BE  A9 2B       lda #$2B
  562  00:C3C0  8D 06 20    sta $2006
  563  00:C3C3  A9 06       lda #$06
  564  00:C3C5  8D 06 20    sta $2006
  565  00:C3C8  A2 00       ldx #$00
  566                       
  567  00:C3CA            load_text_3_loop:
  568  00:C3CA  BD E9 F8    lda text3,x
  569  00:C3CD  C9 FF       cmp #$FF
  570  00:C3CF  F0 07       beq load_text_3p1
  571  00:C3D1  8D 07 20    sta $2007
  572  00:C3D4  E8          inx
  573  00:C3D5  4C CA C3    jmp load_text_3_loop
  574                       
  575  00:C3D8            load_text_3p1:
  576  00:C3D8  AD 02 20    lda $2002
  577  00:C3DB  A9 2B       lda #$2B
  578  00:C3DD  8D 06 20    sta $2006
  579  00:C3E0  A9 26       lda #$26
  580  00:C3E2  8D 06 20    sta $2006
  581  00:C3E5  A2 00       ldx #$00
  582                       
  583  00:C3E7            load_text_3p1_loop:
  584  00:C3E7  BD 01 F9    lda text3p1,x
  585  00:C3EA  C9 FF       cmp #$FF
  586  00:C3EC  F0 07       beq load_text_3p2
  587  00:C3EE  8D 07 20    sta $2007
  588  00:C3F1  E8          inx
  589  00:C3F2  4C E7 C3    jmp load_text_3p1_loop
  590                       
  591  00:C3F5            load_text_3p2:
  592  00:C3F5  AD 02 20    lda $2002
  593  00:C3F8  A9 2B       lda #$2B
  594  00:C3FA  8D 06 20    sta $2006
  595  00:C3FD  A9 46       lda #$46
  596  00:C3FF  8D 06 20    sta $2006
  597  00:C402  A2 00       ldx #$00
  598                       
  599  00:C404            load_text_3p2_loop:
  600  00:C404  BD 19 F9    lda text3p2,x
  601  00:C407  C9 FF       cmp #$FF
  602  00:C409  F0 07       beq wait_for_not_talk
  603  00:C40B  8D 07 20    sta $2007
  604  00:C40E  E8          inx
  605  00:C40F  4C 04 C4    jmp load_text_3p2_loop
  606                       
  607  00:C412            wait_for_not_talk:
  608  00:C412  AD 06 00    lda text
  609  00:C415  C9 03       cmp #$03
  610  00:C417  D0 F9       bne wait_for_not_talk
  611                       
  612  00:C419  A9 00       lda #$00
  613  00:C41B  8D 0F 00    sta talk
  614                       
  615                      ; Now we clear all the text
  616                      
  617  00:C41E            clear_text1:
  618  00:C41E  AD 02 20    lda $2002
  619  00:C421  A9 2B       lda #$2B
  620  00:C423  8D 06 20    sta $2006
  621  00:C426  A9 06       lda #$06
  622  00:C428  8D 06 20    sta $2006
  623                       
  624  00:C42B  20 CF C4    jsr clear_text
  625                       
  626  00:C42E  AD 02 20    lda $2002
  627  00:C431  A9 2B       lda #$2B
  628  00:C433  8D 06 20    sta $2006
  629  00:C436  A9 26       lda #$26
  630  00:C438  8D 06 20    sta $2006
  631                       
  632  00:C43B  20 CF C4    jsr clear_text
  633                       
  634  00:C43E  AD 02 20    lda $2002
  635  00:C441  A9 2B       lda #$2B
  636  00:C443  8D 06 20    sta $2006
  637  00:C446  A9 46       lda #$46
  638  00:C448  8D 06 20    sta $2006
  639                       
  640  00:C44B  20 CF C4    jsr clear_text
  641                       
  642  00:C44E  A9 01       lda #$01
  643  00:C450  8D 07 00    sta can_move
  644                       
  645  00:C453            loop1:
  646  00:C453  A9 01       lda #$01
  647  00:C455  8D 10 00    sta can_print_lifes
  648                       
  649  00:C458            game_loop_level0:
  650  00:C458  20 B5 C4    jsr hit_and_remove
  651  00:C45B  AD 08 00    lda level
  652  00:C45E  C9 01       cmp #$01
  653  00:C460  D0 F6       bne game_loop_level0
  654                       
  655  00:C462  A9 00       lda #$00
  656  00:C464  8D 01 20    sta $2001
  657                       
  658  00:C467            load_level_2:
  659  00:C467  A2 00       ldx #$00
  660  00:C469  A0 00       ldy #$00
  661  00:C46B  AD 02 20    lda $2002
  662  00:C46E  A9 28       lda #$28
  663  00:C470  8D 06 20    sta $2006
  664  00:C473  8E 06 20    stx $2006
  665                       
  666  00:C476  A9 94       lda #LOW(level2)
  667  00:C478  8D 00 00    sta pointerLo
  668  00:C47B  A9 F4       lda #HIGH(level2)
  669  00:C47D  8D 01 00    sta pointerHi
  670                       
  671  00:C480            load_level_2_loop:
  672  00:C480  B1 00       lda [pointerLo],y
  673  00:C482  8D 07 20    sta $2007
  674  00:C485  C8          iny
  675  00:C486  C0 00       cpy #$00
  676  00:C488  D0 F6       bne load_level_2_loop
  677  00:C48A  EE 01 00    inc pointerHi
  678  00:C48D  E8          inx
  679  00:C48E  E0 04       cpx #$04
  680  00:C490  D0 EE       bne load_level_2_loop
  681                       
  682  00:C492  A9 1E       lda #%00011110
  683  00:C494  8D 01 20    sta $2001
  684                       
  685  00:C497            load_ennemie1: ; First ennemie
  686  00:C497  A2 00       ldx #$00
  687  00:C499            load_ennemie1_loop:
  688  00:C499  BD 74 E0    lda ennemie1,x
  689  00:C49C  9D 30 02    sta $0230,x
  690  00:C49F  E8          inx
  691  00:C4A0  E0 20       cpx #32
  692  00:C4A2  D0 F5       bne load_ennemie1_loop
  693                       
  694  00:C4A4            game_loop_level1:
  695  00:C4A4  20 B5 C4    jsr hit_and_remove
  696  00:C4A7  AD 08 00    lda level
  697  00:C4AA  C9 02       cmp #$02
  698  00:C4AC  D0 F6       bne game_loop_level1
  699  00:C4AE  20 B4 C4    jsr move_ennemie1
  700                       
  701  00:C4B1  4C B1 C4    jmp *
  702                       
  703  00:C4B4            move_ennemie1:
  704  00:C4B4  60          rts
  705                       
  706  00:C4B5            hit_and_remove:
  707  00:C4B5  AD 17 00    lda is_hiting
  708  00:C4B8  C9 01       cmp #$01
  709  00:C4BA  D0 12       bne l
  710  00:C4BC  A0 00       ldy #$00
  711                       
  712  00:C4BE            hit_wait:
  713  00:C4BE  AD 02 00    lda frame_counter
  714  00:C4C1            hit_delay:
  715  00:C4C1  CD 02 00    cmp frame_counter
  716  00:C4C4  F0 FB       beq hit_delay
  717  00:C4C6  C8          iny
  718  00:C4C7  C0 1E       cpy #30
  719  00:C4C9  D0 F3       bne hit_wait
  720                       
  721  00:C4CB  20 50 C9    jsr remove_hit
  722  00:C4CE            l
  723  00:C4CE  60          rts
  724                       
  725  00:C4CF            clear_text:
  726  00:C4CF  A2 00       ldx #$00
  727  00:C4D1            cloop:
  728  00:C4D1  A9 FF       lda #$FF
  729  00:C4D3  8D 07 20    sta $2007
  730  00:C4D6  E8          inx
  731  00:C4D7  E0 17       cpx #23
  732  00:C4D9  D0 F6       bne cloop
  733  00:C4DB  60          rts
  734                       
  735  00:C4DC            nmi:
  736  00:C4DC  A9 00       lda #$00
  737  00:C4DE  8D 03 20    sta $2003
  738  00:C4E1  A9 02       lda #$02
  739  00:C4E3  8D 14 40    sta $4014
  740                       
  741  00:C4E6  AD 0B 00    lda pause
  742  00:C4E9  C9 01       cmp #$01
  743  00:C4EB  D0 09       bne move_ennemie1_level1
  744                       
  745  00:C4ED  A9 00       lda #$00
  746  00:C4EF  8D 05 20    sta $2005
  747  00:C4F2  8D 05 20    sta $2005
  748  00:C4F5  40          rti 
  749                       
  750  00:C4F6            move_ennemie1_level1:
  751  00:C4F6  AD 08 00    lda level
  752  00:C4F9  C9 01       cmp #$01
  753  00:C4FB  D0 61       bne s
  754                       
  755                       ; Move algorithm
  756  00:C4FD  AD 00 02    lda $200
  757  00:C500  69 30       adc #48
  758  00:C502  CD 30 02    cmp $230
  759  00:C505  90 10       bcc .next
  760  00:C507  AD 03 02    lda $203
  761  00:C50A  69 30       adc #48
  762  00:C50C  CD 33 02    cmp $233
  763  00:C50F  90 06       bcc .next
  764  00:C511  20 B8 CB    jsr ennemie1_move_right
  765  00:C514  4C 2E C5    jmp .next2
  766  00:C517            .next:
  767  00:C517  AD 00 02    lda $200
  768  00:C51A  E9 30       sbc #48
  769  00:C51C  CD 30 02    cmp $230
  770  00:C51F  B0 0D       bcs .next2
  771  00:C521  AD 03 02    lda $203
  772  00:C524  E9 30       sbc #48
  773  00:C526  CD 33 02    cmp $233
  774  00:C529  B0 03       bcs .next2
  775  00:C52B  20 9F CB    jsr ennemie1_move_left
  776                       
  777  00:C52E            .next2:
  778  00:C52E  AD 00 02    lda $200
  779  00:C531  8D 30 02    sta $230
  780  00:C534  AD 04 02    lda $200+4
  781  00:C537  8D 34 02    sta $230+4
  782  00:C53A  AD 08 02    lda $200+8
  783  00:C53D  8D 38 02    sta $230+8
  784  00:C540  AD 0C 02    lda $200+12
  785  00:C543  8D 3C 02    sta $230+12
  786  00:C546  AD 10 02    lda $200+16
  787  00:C549  8D 40 02    sta $230+16
  788  00:C54C  AD 14 02    lda $200+20
  789  00:C54F  8D 44 02    sta $230+20
  790  00:C552  AD 18 02    lda $200+24
  791  00:C555  8D 48 02    sta $230+24
  792  00:C558  AD 1C 02    lda $200+28
  793  00:C55B  8D 4C 02    sta $230+28
  794  00:C55E            s:
  795  00:C55E  AD 07 02    lda $207
  796  00:C561  C9 FF       cmp #$FF
  797  00:C563  D0 06       bne print_lifes_condition
  798                       
  799  00:C565  EE 08 00    inc level
  800  00:C568  20 08 CB    jsr goto_main_position
  801                       
  802  00:C56B            print_lifes_condition:  
  803  00:C56B  AD 10 00    lda can_print_lifes
  804  00:C56E  C9 00       cmp #$00
  805  00:C570  F0 4D       beq animate_talk
  806                       
  807  00:C572            print_life_string:
  808  00:C572  AD 02 20    lda $2002
  809  00:C575  A9 28       lda #$28
  810  00:C577  8D 06 20    sta $2006
  811  00:C57A  A9 40       lda #$40
  812  00:C57C  8D 06 20    sta $2006
  813  00:C57F  A2 00       ldx #$00
  814                     
  815  00:C581            print_life_string_loop:
  816  00:C581  BD 31 F9    lda text_lifes,x
  817  00:C584  C9 FF       cmp #$FF
  818  00:C586  F0 07       beq load_lifes_init
  819  00:C588  8D 07 20    sta $2007
  820  00:C58B  E8          inx
  821  00:C58C  4C 81 C5    jmp print_life_string_loop
  822                       
  823  00:C58F            load_lifes_init:
  824  00:C58F  AD 02 20    lda $2002
  825  00:C592  A9 28       lda #$28
  826  00:C594  8D 06 20    sta $2006
  827  00:C597  A9 48       lda #$48  
  828  00:C599  8D 06 20    sta $2006
  829                       
  830  00:C59C            load_lifes:
  831  00:C59C  AD 18 00    lda lifes
  832  00:C59F  4A          lsr a
  833  00:C5A0  4A          lsr a
  834  00:C5A1  4A          lsr a
  835  00:C5A2  4A          lsr a
  836  00:C5A3  69 30       adc #'0'
  837  00:C5A5  8D 07 20    sta $2007
  838                       
  839  00:C5A8  AD 02 20    lda $2002
  840  00:C5AB  A9 28       lda #$28
  841  00:C5AD  8D 06 20    sta $2006
  842  00:C5B0  A9 49       lda #$49
  843  00:C5B2  8D 06 20    sta $2006
  844                       
  845  00:C5B5  AD 18 00    lda lifes
  846  00:C5B8  29 0F       and #%00001111
  847  00:C5BA  69 30       adc #'0'
  848  00:C5BC  8D 07 20    sta $2007
  849                       
  850  00:C5BF            animate_talk:  
  851  00:C5BF  AD 0F 00    lda talk
  852  00:C5C2  C9 01       cmp #$01
  853  00:C5C4  D0 38       bne controllers
  854                       
  855  00:C5C6  AD 02 00    lda frame_counter
  856  00:C5C9  29 10       and #$10
  857  00:C5CB  D0 1A       bne talk2
  858                       
  859  00:C5CD            talk1:
  860  00:C5CD  AD 02 20    lda $2002
  861  00:C5D0  A9 2B       lda #$2B
  862  00:C5D2  8D 06 20    sta $2006
  863  00:C5D5  A9 62       lda #$62
  864  00:C5D7  8D 06 20    sta $2006
  865                       
  866  00:C5DA  A9 91       lda #$91
  867  00:C5DC  8D 07 20    sta $2007
  868  00:C5DF  A9 92       lda #$92
  869  00:C5E1  8D 07 20    sta $2007
  870  00:C5E4  4C FE C5    jmp controllers
  871  00:C5E7            talk2:
  872  00:C5E7  AD 02 20    lda $2002
  873  00:C5EA  A9 2B       lda #$2B
  874  00:C5EC  8D 06 20    sta $2006
  875  00:C5EF  A9 62       lda #$62
  876  00:C5F1  8D 06 20    sta $2006
  877                       
  878  00:C5F4  A9 94       lda #$94
  879  00:C5F6  8D 07 20    sta $2007
  880  00:C5F9  A9 95       lda #$95
  881  00:C5FB  8D 07 20    sta $2007
  882                       
  883  00:C5FE            controllers:
  884  00:C5FE  A9 01       lda #$01
  885  00:C600  8D 16 40    sta $4016
  886  00:C603  A9 00       lda #$00
  887  00:C605  8D 16 40    sta $4016
  888  00:C608  A9 00       lda #$00
  889  00:C60A  8D 16 00    sta is_moving
  890                       
  891  00:C60D            a_pressed:
  892  00:C60D  AD 16 40    lda $4016
  893  00:C610  29 01       and #$01
  894  00:C612  F0 34       beq a_finish
  895                       
  896  00:C614  AD 11 00    lda a_button
  897  00:C617  C9 00       cmp #$00
  898  00:C619  D0 32       bne b_pressed
  899                       
  900  00:C61B  A9 01       lda #$01
  901  00:C61D  8D 11 00    sta a_button
  902                       
  903  00:C620  AD 03 00    lda state
  904  00:C623  C9 FF       cmp #$FF
  905  00:C625  D0 0D       bne .next
  906                       
  907  00:C627  A9 01       lda #$01
  908  00:C629  8D 09 00    sta palette_style
  909  00:C62C  A9 01       lda #$01
  910  00:C62E  8D 03 00    sta state
  911                       
  912  00:C631  4C 4D C6    jmp b_pressed
  913  00:C634            .next:
  914  00:C634  AD 0F 00    lda talk
  915  00:C637  C9 01       cmp #$01
  916  00:C639  D0 12       bne b_pressed
  917                       
  918  00:C63B  AD 06 00    lda text
  919  00:C63E  C9 03       cmp #$03
  920  00:C640  F0 0B       beq b_pressed
  921                       
  922  00:C642  EE 06 00    inc text
  923                       
  924  00:C645  4C 4D C6    jmp b_pressed
  925                       
  926  00:C648            a_finish:
  927  00:C648  A9 00       lda #$00
  928  00:C64A  8D 11 00    sta a_button
  929                     
  930  00:C64D            b_pressed:
  931  00:C64D  AD 16 40    lda $4016
  932  00:C650  29 01       and #$01
  933  00:C652  F0 34       beq b_finish
  934                       
  935  00:C654  AD 12 00    lda b_button
  936  00:C657  C9 00       cmp #$00
  937  00:C659  D0 32       bne s_pressed
  938                       
  939  00:C65B  A9 01       lda #$01
  940  00:C65D  8D 12 00    sta b_button
  941                       
  942  00:C660  AD 03 00    lda state
  943  00:C663  C9 FF       cmp #$FF
  944  00:C665  D0 0D       bne .next
  945  00:C667  A9 02       lda #$02
  946  00:C669  8D 09 00    sta palette_style
  947  00:C66C  A9 01       lda #$01
  948  00:C66E  8D 03 00    sta state
  949  00:C671  4C 8D C6    jmp s_pressed
  950  00:C674            .next:
  951  00:C674  AD 07 00    lda can_move
  952  00:C677  C9 01       cmp #$01
  953  00:C679  D0 12       bne s_pressed
  954                       
  955  00:C67B  AD 16 00    lda is_moving
  956  00:C67E  C9 00       cmp #$00
  957  00:C680  D0 0B       bne s_pressed
  958                       
  959  00:C682  20 D8 C8    jsr hit
  960                       
  961  00:C685  4C 8D C6    jmp s_pressed
  962                       
  963  00:C688            b_finish:
  964  00:C688  A9 00       lda #$00
  965  00:C68A  8D 12 00    sta b_button
  966                       
  967  00:C68D            s_pressed:
  968  00:C68D  AD 16 40    lda $4016
  969  00:C690  29 01       and #$01
  970  00:C692  F0 46       beq s_finish
  971                       
  972  00:C694  AD 13 00    lda select
  973  00:C697  C9 00       cmp #$00
  974  00:C699  D0 44       bne t_pressed
  975                       
  976  00:C69B  A9 01       lda #$01
  977  00:C69D  8D 13 00    sta select
  978                       
  979  00:C6A0  AD 03 00    lda state
  980  00:C6A3  C9 00       cmp #$00
  981  00:C6A5  D0 08       bne .next
  982                       
  983  00:C6A7  A9 FF       lda #$FF
  984  00:C6A9  8D 03 00    sta state
  985                       
  986  00:C6AC  4C DF C6    jmp t_pressed
  987                       
  988  00:C6AF            .next:
  989  00:C6AF  AD 07 00    lda can_move
  990  00:C6B2  C9 01       cmp #$01
  991  00:C6B4  D0 24       bne s_finish
  992                       
  993  00:C6B6  AD 1C 02    lda $21C
  994  00:C6B9  C9 4F       cmp #$4F
  995  00:C6BB  D0 22       bne t_pressed
  996                       
  997  00:C6BD  AD 19 00    lda is_hiding
  998  00:C6C0  C9 01       cmp #$01
  999  00:C6C2  D0 0B       bne hide
 1000                       
 1001  00:C6C4            show:
 1002  00:C6C4  A9 00       lda #$00
 1003  00:C6C6  8D 19 00    sta is_hiding
 1004  00:C6C9  20 66 CA    jsr front_bkg
 1005  00:C6CC  4C DF C6    jmp t_pressed
 1006                       
 1007  00:C6CF            hide:
 1008  00:C6CF  A9 01       lda #$01
 1009  00:C6D1  8D 19 00    sta is_hiding
 1010  00:C6D4  20 B7 CA    jsr behind_bkg
 1011  00:C6D7  4C DF C6    jmp t_pressed
 1012                       
 1013  00:C6DA            s_finish:
 1014  00:C6DA  A9 00       lda #$00
 1015  00:C6DC  8D 13 00    sta select
 1016  00:C6DF            t_pressed:
 1017  00:C6DF  AD 16 40    lda $4016
 1018  00:C6E2  29 01       and #$01
 1019  00:C6E4  F0 40       beq t_finish
 1020                       
 1021  00:C6E6  AD 14 00    lda start
 1022  00:C6E9  C9 01       cmp #$01
 1023  00:C6EB  F0 3E       beq u_pressed
 1024                       
 1025  00:C6ED  A9 01       lda #$01
 1026  00:C6EF  8D 14 00    sta start
 1027                       
 1028  00:C6F2  AD 03 00    lda state
 1029  00:C6F5  C9 01       cmp #$01 ; Game
 1030  00:C6F7  F0 16       beq game_start_button
 1031                       
 1032  00:C6F9  AD 04 00    lda can_press_t
 1033  00:C6FC  C9 01       cmp #$01
 1034  00:C6FE  D0 2B       bne u_pressed
 1035                       
 1036  00:C700  AD 03 00    lda state
 1037  00:C703  C9 00       cmp #$00
 1038  00:C705  D0 24       bne u_pressed
 1039                       
 1040  00:C707  A9 01       lda #$01 ; Game
 1041  00:C709  8D 03 00    sta state
 1042  00:C70C  4C 2B C7    jmp u_pressed
 1043                       
 1044  00:C70F            game_start_button:
 1045  00:C70F  AD 0B 00    lda pause
 1046  00:C712  C9 00       cmp #$00
 1047  00:C714  D0 08       bne unpause
 1048                      
 1049  00:C716            set_pause:
 1050  00:C716  A9 01       lda #$01
 1051  00:C718  8D 0B 00    sta pause
 1052  00:C71B  4C 2B C7    jmp u_pressed
 1053                       
 1054  00:C71E            unpause:
 1055  00:C71E  A9 00       lda #$00
 1056  00:C720  8D 0B 00    sta pause
 1057  00:C723  4C 2B C7    jmp u_pressed
 1058                       
 1059  00:C726            t_finish:
 1060  00:C726  A9 00       lda #$00
 1061  00:C728  8D 14 00    sta start
 1062                     
 1063  00:C72B            u_pressed:
 1064  00:C72B  AD 16 40    lda $4016
 1065  00:C72E  29 01       and #$01
 1066  00:C730  F0 16       beq u_finish
 1067                       
 1068  00:C732  AD 07 00    lda can_move
 1069  00:C735  C9 01       cmp #$01
 1070  00:C737  D0 0F       bne u_finish
 1071                       
 1072  00:C739  AD 19 00    lda is_hiding
 1073  00:C73C  C9 00       cmp #$00
 1074  00:C73E  D0 08       bne u_finish
 1075                       
 1076  00:C740  A9 01       lda #$01
 1077  00:C742  8D 16 00    sta is_moving
 1078  00:C745  20 C7 C7    jsr move_up
 1079                       
 1080  00:C748            u_finish:
 1081  00:C748            d_pressed:
 1082  00:C748  AD 16 40    lda $4016
 1083  00:C74B  29 01       and #$01
 1084  00:C74D  F0 16       beq d_finish
 1085                       
 1086  00:C74F  AD 07 00    lda can_move
 1087  00:C752  C9 01       cmp #$01
 1088  00:C754  D0 0F       bne d_finish
 1089                     
 1090  00:C756  AD 19 00    lda is_hiding
 1091  00:C759  C9 00       cmp #$00
 1092  00:C75B  D0 08       bne d_finish
 1093                       
 1094  00:C75D  A9 01       lda #$01
 1095  00:C75F  8D 16 00    sta is_moving
 1096  00:C762  20 EE C7    jsr move_down
 1097                       
 1098  00:C765            d_finish:
 1099  00:C765            l_pressed:
 1100  00:C765  AD 16 40    lda $4016
 1101  00:C768  29 01       and #$01
 1102  00:C76A  F0 16       beq l_finish
 1103                       
 1104  00:C76C  AD 07 00    lda can_move
 1105  00:C76F  C9 01       cmp #$01
 1106  00:C771  D0 0F       bne l_finish
 1107                       
 1108  00:C773  AD 19 00    lda is_hiding
 1109  00:C776  C9 00       cmp #$00
 1110  00:C778  D0 08       bne l_finish
 1111                       
 1112  00:C77A  A9 01       lda #$01
 1113  00:C77C  8D 16 00    sta is_moving
 1114  00:C77F  20 24 C8    jsr move_left
 1115                       
 1116  00:C782            l_finish:
 1117  00:C782            r_pressed:
 1118  00:C782  AD 16 40    lda $4016
 1119  00:C785  29 01       and #$01
 1120  00:C787  F0 16       beq r_finish
 1121                       
 1122  00:C789  AD 07 00    lda can_move
 1123  00:C78C  C9 01       cmp #$01
 1124  00:C78E  D0 0F       bne r_finish
 1125                       
 1126  00:C790  AD 19 00    lda is_hiding
 1127  00:C793  C9 00       cmp #$00
 1128  00:C795  D0 08       bne r_finish
 1129                       
 1130  00:C797  A9 01       lda #$01
 1131  00:C799  8D 16 00    sta is_moving
 1132  00:C79C  20 82 C8    jsr move_right
 1133                       
 1134  00:C79F            r_finish:
 1135                     
 1136  00:C79F  AD 05 00    lda run_intro
 1137  00:C7A2  C9 01       cmp #$01
 1138  00:C7A4  F0 0B       beq background_scrolling
 1139                     
 1140                       
 1141  00:C7A6            no_background_scrolling:
 1142  00:C7A6  A9 00       lda #$00
 1143  00:C7A8  8D 0C 00    sta scrollX
 1144  00:C7AB  8D 0D 00    sta scrollY
 1145  00:C7AE  4C B7 C7    jmp set_background_scroll
 1146                       
 1147  00:C7B1            background_scrolling:
 1148  00:C7B1  EE 0D 00    inc scrollY
 1149  00:C7B4  4C B7 C7    jmp set_background_scroll
 1150                     
 1151  00:C7B7            set_background_scroll:
 1152  00:C7B7  AD 0C 00    lda scrollX
 1153  00:C7BA  8D 05 20    sta $2005
 1154  00:C7BD  AD 0D 00    lda scrollY
 1155  00:C7C0  8D 05 20    sta $2005  
 1156  00:C7C3            inc_frame_counter:
 1157  00:C7C3  EE 02 00    inc frame_counter
 1158  00:C7C6  40          rti
 1159                       
 1160  00:C7C7            move_up:
 1161  00:C7C7  AD 1C 02    lda $21C
 1162  00:C7CA  C9 4F       cmp #$4F
 1163  00:C7CC  D0 01       bne .move
 1164  00:C7CE  60          rts
 1165  00:C7CF            .move:
 1166  00:C7CF  CE 00 02    dec $200
 1167  00:C7D2  CE 04 02    dec $204
 1168  00:C7D5  CE 08 02    dec $208
 1169  00:C7D8  CE 0C 02    dec $20C
 1170  00:C7DB  CE 10 02    dec $210
 1171  00:C7DE  CE 14 02    dec $214
 1172  00:C7E1  CE 18 02    dec $218
 1173  00:C7E4  CE 1C 02    dec $21C
 1174  00:C7E7  CE 20 02    dec $220
 1175  00:C7EA  CE 24 02    dec $224
 1176  00:C7ED  60          rts
 1177                       
 1178  00:C7EE            move_down:
 1179  00:C7EE  AD 08 00    lda level
 1180  00:C7F1  C9 00       cmp #$00
 1181  00:C7F3  D0 08       bne check_down_collision_2
 1182  00:C7F5  AD 1C 02    lda $21C
 1183  00:C7F8  C9 A8       cmp #$A8
 1184  00:C7FA  D0 09       bne mov_down
 1185  00:C7FC  60          rts
 1186  00:C7FD            check_down_collision_2:
 1187  00:C7FD  AD 1C 02    lda $21C
 1188  00:C800  C9 E0       cmp #$E0
 1189  00:C802  D0 01       bne mov_down
 1190  00:C804  60          rts
 1191  00:C805            mov_down:
 1192  00:C805  EE 00 02    inc $200
 1193  00:C808  EE 04 02    inc $204
 1194  00:C80B  EE 08 02    inc $208
 1195  00:C80E  EE 0C 02    inc $20C
 1196  00:C811  EE 10 02    inc $210
 1197  00:C814  EE 14 02    inc $214
 1198  00:C817  EE 18 02    inc $218
 1199  00:C81A  EE 1C 02    inc $21C
 1200  00:C81D  EE 20 02    inc $220
 1201  00:C820  EE 24 02    inc $224
 1202  00:C823  60          rts
 1203  00:C824            move_left:
 1204  00:C824  A9 4C       lda #'L' ; Left
 1205  00:C826  8D 15 00    sta direction
 1206                       
 1207  00:C829  AD 17 00    lda is_hiting
 1208  00:C82C  C9 00       cmp #$00
 1209  00:C82E  D0 33       bne .move
 1210                       
 1211  00:C830  20 C4 C9    jsr flip ; Flip
 1212                       
 1213  00:C833  A9 01       lda #$01
 1214  00:C835  8D 01 02    sta $201
 1215  00:C838  A9 00       lda #$00
 1216  00:C83A  8D 05 02    sta $205
 1217  00:C83D  A9 03       lda #$03
 1218  00:C83F  8D 09 02    sta $209
 1219  00:C842  A9 02       lda #$02
 1220  00:C844  8D 0D 02    sta $20D
 1221  00:C847  A9 05       lda #$05
 1222  00:C849  8D 11 02    sta $211
 1223  00:C84C  A9 04       lda #$04
 1224  00:C84E  8D 15 02    sta $215
 1225  00:C851  A9 07       lda #$07
 1226  00:C853  8D 19 02    sta $219
 1227  00:C856  A9 06       lda #$06
 1228  00:C858  8D 1D 02    sta $21D
 1229                       
 1230  00:C85B  AD 03 02    lda $203
 1231  00:C85E  C9 00       cmp #$00
 1232  00:C860  D0 01       bne .move
 1233                       
 1234  00:C862  60          rts
 1235                       
 1236  00:C863            .move:
 1237  00:C863  CE 03 02    dec $203
 1238  00:C866  CE 07 02    dec $207
 1239  00:C869  CE 0B 02    dec $20B
 1240  00:C86C  CE 0F 02    dec $20F
 1241  00:C86F  CE 13 02    dec $213
 1242  00:C872  CE 17 02    dec $217
 1243  00:C875  CE 1B 02    dec $21B
 1244  00:C878  CE 1F 02    dec $21F
 1245  00:C87B  CE 23 02    dec $223
 1246  00:C87E  CE 27 02    dec $227
 1247  00:C881  60          rts
 1248  00:C882            move_right:
 1249  00:C882  A9 52       lda #'R'
 1250  00:C884  8D 15 00    sta direction
 1251                       
 1252  00:C887  AD 17 00    lda is_hiting
 1253  00:C88A  C9 00       cmp #$00
 1254  00:C88C  D0 2B       bne .move
 1255                      
 1256  00:C88E  20 15 CA    jsr no_flip ; No flip
 1257                       
 1258  00:C891  A9 00       lda #$00
 1259  00:C893  8D 01 02    sta $201
 1260  00:C896  A9 01       lda #$01
 1261  00:C898  8D 05 02    sta $205
 1262  00:C89B  A9 02       lda #$02
 1263  00:C89D  8D 09 02    sta $209
 1264  00:C8A0  A9 03       lda #$03
 1265  00:C8A2  8D 0D 02    sta $20D
 1266  00:C8A5  A9 04       lda #$04
 1267  00:C8A7  8D 11 02    sta $211
 1268  00:C8AA  A9 05       lda #$05
 1269  00:C8AC  8D 15 02    sta $215
 1270  00:C8AF  A9 06       lda #$06
 1271  00:C8B1  8D 19 02    sta $219
 1272  00:C8B4  A9 07       lda #$07
 1273  00:C8B6  8D 1D 02    sta $21D
 1274                       
 1275  00:C8B9            .move:
 1276  00:C8B9  EE 03 02    inc $203
 1277  00:C8BC  EE 07 02    inc $207
 1278  00:C8BF  EE 0B 02    inc $20B
 1279  00:C8C2  EE 0F 02    inc $20F
 1280  00:C8C5  EE 13 02    inc $213
 1281  00:C8C8  EE 17 02    inc $217
 1282  00:C8CB  EE 1B 02    inc $21B
 1283  00:C8CE  EE 1F 02    inc $21F
 1284  00:C8D1  EE 23 02    inc $223
 1285  00:C8D4  EE 27 02    inc $227
 1286  00:C8D7  60          rts
 1287                       
 1288  00:C8D8            hit:
 1289  00:C8D8  A9 01       lda #$01
 1290  00:C8DA  8D 17 00    sta is_hiting
 1291                       
 1292  00:C8DD  AD 15 00    lda direction
 1293  00:C8E0  C9 52       cmp #'R'
 1294  00:C8E2  D0 36       bne hit_left
 1295                       
 1296  00:C8E4            hit_right:
 1297  00:C8E4  20 15 CA    jsr no_flip
 1298  00:C8E7  A9 0E       lda #$0E
 1299  00:C8E9  8D 01 02    sta $201
 1300  00:C8EC  A9 0F       lda #$0F
 1301  00:C8EE  8D 05 02    sta $205
 1302                       
 1303  00:C8F1  A9 10       lda #$10
 1304  00:C8F3  8D 09 02    sta $209
 1305  00:C8F6  A9 11       lda #$11
 1306  00:C8F8  8D 0D 02    sta $20D
 1307                       
 1308  00:C8FB  A9 12       lda #$12
 1309  00:C8FD  8D 11 02    sta $211
 1310  00:C900  A9 13       lda #$13
 1311  00:C902  8D 15 02    sta $215
 1312                       
 1313  00:C905  A9 0C       lda #$0C
 1314  00:C907  8D 19 02    sta $219
 1315  00:C90A  A9 0D       lda #$0D
 1316  00:C90C  8D 1D 02    sta $21D
 1317                       
 1318  00:C90F  A9 14       lda #$14
 1319  00:C911  8D 21 02    sta $221
 1320  00:C914  A9 FF       lda #$FF
 1321  00:C916  8D 25 02    sta $225
 1322  00:C919  60          rts
 1323                       
 1324  00:C91A            hit_left:
 1325  00:C91A  20 C4 C9    jsr flip
 1326  00:C91D  A9 0F       lda #$0F
 1327  00:C91F  8D 01 02    sta $201
 1328  00:C922  A9 0E       lda #$0E
 1329  00:C924  8D 05 02    sta $205
 1330                       
 1331  00:C927  A9 11       lda #$11
 1332  00:C929  8D 09 02    sta $209
 1333  00:C92C  A9 10       lda #$10
 1334  00:C92E  8D 0D 02    sta $20D
 1335                       
 1336  00:C931  A9 13       lda #$13
 1337  00:C933  8D 11 02    sta $211
 1338  00:C936  A9 12       lda #$12
 1339  00:C938  8D 15 02    sta $215
 1340                       
 1341  00:C93B  A9 0D       lda #$0D
 1342  00:C93D  8D 19 02    sta $219
 1343  00:C940  A9 0C       lda #$0C
 1344  00:C942  8D 1D 02    sta $21D
 1345                       
 1346  00:C945  A9 FF       lda #$FF
 1347  00:C947  8D 21 02    sta $221
 1348  00:C94A  A9 14       lda #$14
 1349  00:C94C  8D 25 02    sta $225
 1350                       
 1351  00:C94F            hit_end:
 1352  00:C94F  60          rts
 1353                       
 1354  00:C950            remove_hit:
 1355  00:C950  A9 00       lda #$00
 1356  00:C952  8D 17 00    sta is_hiting
 1357  00:C955  AD 15 00    lda direction
 1358  00:C958  C9 52       cmp #'R'
 1359  00:C95A  D0 34       bne remove_hit_left
 1360  00:C95C            remove_hit_right:
 1361  00:C95C  20 15 CA    jsr no_flip
 1362  00:C95F  A9 00       lda #$00
 1363  00:C961  8D 01 02    sta $201
 1364  00:C964  A9 01       lda #$01
 1365  00:C966  8D 05 02    sta $205
 1366  00:C969  A9 02       lda #$02
 1367  00:C96B  8D 09 02    sta $209
 1368  00:C96E  A9 03       lda #$03
 1369  00:C970  8D 0D 02    sta $20D
 1370  00:C973  A9 04       lda #$04
 1371  00:C975  8D 11 02    sta $211
 1372  00:C978  A9 05       lda #$05
 1373  00:C97A  8D 15 02    sta $215
 1374  00:C97D  A9 06       lda #$06
 1375  00:C97F  8D 19 02    sta $219
 1376  00:C982  A9 07       lda #$07
 1377  00:C984  8D 1D 02    sta $21D
 1378  00:C987  A9 FF       lda #$FF
 1379  00:C989  8D 21 02    sta $221
 1380  00:C98C  8D 25 02    sta $225
 1381  00:C98F  60          rts
 1382  00:C990            remove_hit_left:
 1383  00:C990  20 C4 C9    jsr flip
 1384  00:C993  A9 01       lda #$01
 1385  00:C995  8D 01 02    sta $201
 1386  00:C998  A9 00       lda #$00
 1387  00:C99A  8D 05 02    sta $205
 1388  00:C99D  A9 03       lda #$03
 1389  00:C99F  8D 09 02    sta $209
 1390  00:C9A2  A9 02       lda #$02
 1391  00:C9A4  8D 0D 02    sta $20D
 1392  00:C9A7  A9 05       lda #$05
 1393  00:C9A9  8D 11 02    sta $211
 1394  00:C9AC  A9 04       lda #$04
 1395  00:C9AE  8D 15 02    sta $215
 1396  00:C9B1  A9 07       lda #$07
 1397  00:C9B3  8D 19 02    sta $219
 1398  00:C9B6  A9 06       lda #$06
 1399  00:C9B8  8D 1D 02    sta $21D
 1400  00:C9BB  A9 FF       lda #$FF
 1401  00:C9BD  8D 21 02    sta $221
 1402  00:C9C0  8D 25 02    sta $225
 1403  00:C9C3  60          rts
 1404                       
 1405  00:C9C4            flip:
 1406                       ; Flip
 1407  00:C9C4  AD 02 02    lda $202
 1408  00:C9C7  09 40       ora #%01000000
 1409  00:C9C9  8D 02 02    sta $202
 1410  00:C9CC  AD 06 02    lda $206
 1411  00:C9CF  09 40       ora #%01000000
 1412  00:C9D1  8D 06 02    sta $206
 1413  00:C9D4  AD 0A 02    lda $20A
 1414  00:C9D7  09 40       ora #%01000000
 1415  00:C9D9  8D 0A 02    sta $20A
 1416  00:C9DC  AD 0E 02    lda $20E
 1417  00:C9DF  09 40       ora #%01000000
 1418  00:C9E1  8D 0E 02    sta $20E
 1419  00:C9E4  AD 12 02    lda $212
 1420  00:C9E7  09 40       ora #%01000000
 1421  00:C9E9  8D 12 02    sta $212
 1422  00:C9EC  AD 16 02    lda $216
 1423  00:C9EF  09 40       ora #%01000000
 1424  00:C9F1  8D 16 02    sta $216
 1425  00:C9F4  AD 1A 02    lda $21A
 1426  00:C9F7  09 40       ora #%01000000
 1427  00:C9F9  8D 1A 02    sta $21A
 1428  00:C9FC  AD 1E 02    lda $21E
 1429  00:C9FF  09 40       ora #%01000000
 1430  00:CA01  8D 1E 02    sta $21E
 1431  00:CA04  AD 22 02    lda $222
 1432  00:CA07  09 40       ora #%01000000
 1433  00:CA09  8D 22 02    sta $222
 1434  00:CA0C  AD 26 02    lda $226
 1435  00:CA0F  09 40       ora #%01000000
 1436  00:CA11  8D 26 02    sta $226
 1437  00:CA14  60          rts
 1438                       
 1439  00:CA15            no_flip:
 1440                       ; Flip
 1441  00:CA15  AD 02 02    lda $202
 1442  00:CA18  29 BF       and #%10111111
 1443  00:CA1A  8D 02 02    sta $202
 1444  00:CA1D  AD 06 02    lda $206
 1445  00:CA20  29 BF       and #%10111111
 1446  00:CA22  8D 06 02    sta $206
 1447  00:CA25  AD 0A 02    lda $20A
 1448  00:CA28  29 BF       and #%10111111
 1449  00:CA2A  8D 0A 02    sta $20A
 1450  00:CA2D  AD 0E 02    lda $20E
 1451  00:CA30  29 BF       and #%10111111
 1452  00:CA32  8D 0E 02    sta $20E
 1453  00:CA35  AD 12 02    lda $212
 1454  00:CA38  29 BF       and #%10111111
 1455  00:CA3A  8D 12 02    sta $212
 1456  00:CA3D  AD 16 02    lda $216
 1457  00:CA40  29 BF       and #%10111111
 1458  00:CA42  8D 16 02    sta $216
 1459  00:CA45  AD 1A 02    lda $21A
 1460  00:CA48  29 BF       and #%10111111
 1461  00:CA4A  8D 1A 02    sta $21A
 1462  00:CA4D  AD 1E 02    lda $21E
 1463  00:CA50  29 BF       and #%10111111
 1464  00:CA52  8D 1E 02    sta $21E
 1465  00:CA55  AD 22 02    lda $222
 1466  00:CA58  29 BF       and #%10111111
 1467  00:CA5A  8D 22 02    sta $222
 1468  00:CA5D  AD 26 02    lda $226
 1469  00:CA60  29 BF       and #%10111111
 1470  00:CA62  8D 26 02    sta $226
 1471  00:CA65  60          rts
 1472                       
 1473  00:CA66            front_bkg:
 1474  00:CA66  AD 02 02    lda $202
 1475  00:CA69  29 DF       and #%11011111
 1476  00:CA6B  8D 02 02    sta $202
 1477  00:CA6E  AD 06 02    lda $206
 1478  00:CA71  29 DF       and #%11011111
 1479  00:CA73  8D 06 02    sta $206
 1480  00:CA76  AD 0A 02    lda $20A
 1481  00:CA79  29 DF       and #%11011111
 1482  00:CA7B  8D 0A 02    sta $20A
 1483  00:CA7E  AD 0E 02    lda $20E
 1484  00:CA81  29 DF       and #%11011111
 1485  00:CA83  8D 0E 02    sta $20E
 1486  00:CA86  AD 12 02    lda $212
 1487  00:CA89  29 DF       and #%11011111
 1488  00:CA8B  8D 12 02    sta $212
 1489  00:CA8E  AD 16 02    lda $216
 1490  00:CA91  29 DF       and #%11011111
 1491  00:CA93  8D 16 02    sta $216
 1492  00:CA96  AD 1A 02    lda $21A
 1493  00:CA99  29 DF       and #%11011111
 1494  00:CA9B  8D 1A 02    sta $21A
 1495  00:CA9E  AD 1E 02    lda $21E
 1496  00:CAA1  29 DF       and #%11011111
 1497  00:CAA3  8D 1E 02    sta $21E
 1498  00:CAA6  AD 22 02    lda $222
 1499  00:CAA9  29 DF       and #%11011111
 1500  00:CAAB  8D 22 02    sta $222
 1501  00:CAAE  AD 26 02    lda $226
 1502  00:CAB1  29 DF       and #%11011111
 1503  00:CAB3  8D 26 02    sta $226
 1504  00:CAB6  60          rts
 1505                       
 1506  00:CAB7            behind_bkg:
 1507  00:CAB7  AD 02 02    lda $202
 1508  00:CABA  09 20       ora #%00100000
 1509  00:CABC  8D 02 02    sta $202
 1510  00:CABF  AD 06 02    lda $206
 1511  00:CAC2  09 20       ora #%00100000
 1512  00:CAC4  8D 06 02    sta $206
 1513  00:CAC7  AD 0A 02    lda $20A
 1514  00:CACA  09 20       ora #%00100000
 1515  00:CACC  8D 0A 02    sta $20A
 1516  00:CACF  AD 0E 02    lda $20E
 1517  00:CAD2  09 20       ora #%00100000
 1518  00:CAD4  8D 0E 02    sta $20E
 1519  00:CAD7  AD 12 02    lda $212
 1520  00:CADA  09 20       ora #%00100000
 1521  00:CADC  8D 12 02    sta $212
 1522  00:CADF  AD 16 02    lda $216
 1523  00:CAE2  09 20       ora #%00100000
 1524  00:CAE4  8D 16 02    sta $216
 1525  00:CAE7  AD 1A 02    lda $21A
 1526  00:CAEA  09 20       ora #%00100000
 1527  00:CAEC  8D 1A 02    sta $21A
 1528  00:CAEF  AD 1E 02    lda $21E
 1529  00:CAF2  09 20       ora #%00100000
 1530  00:CAF4  8D 1E 02    sta $21E
 1531  00:CAF7  AD 22 02    lda $222
 1532  00:CAFA  09 20       ora #%00100000
 1533  00:CAFC  8D 22 02    sta $222
 1534  00:CAFF  AD 26 02    lda $226
 1535  00:CB02  09 20       ora #%00100000
 1536  00:CB04  8D 26 02    sta $226
 1537  00:CB07  60          rts
 1538                       
 1539  00:CB08            goto_main_position:
 1540  00:CB08  A9 64       lda #100
 1541  00:CB0A  8D 00 02    sta $200
 1542  00:CB0D  A9 08       lda #8
 1543  00:CB0F  8D 03 02    sta $203
 1544  00:CB12  A9 64       lda #100
 1545  00:CB14  8D 04 02    sta $204
 1546  00:CB17  A9 10       lda #16
 1547  00:CB19  8D 07 02    sta $207
 1548  00:CB1C  A9 6C       lda #108
 1549  00:CB1E  8D 08 02    sta $208
 1550  00:CB21  A9 08       lda #8
 1551  00:CB23  8D 0B 02    sta $20B
 1552  00:CB26  A9 6C       lda #108
 1553  00:CB28  8D 0C 02    sta $20C
 1554  00:CB2B  A9 10       lda #16
 1555  00:CB2D  8D 0F 02    sta $20F
 1556  00:CB30  A9 74       lda #116
 1557  00:CB32  8D 10 02    sta $210
 1558  00:CB35  A9 08       lda #8
 1559  00:CB37  8D 13 02    sta $213
 1560  00:CB3A  A9 74       lda #116
 1561  00:CB3C  8D 14 02    sta $214
 1562  00:CB3F  A9 10       lda #16
 1563  00:CB41  8D 17 02    sta $217
 1564  00:CB44  A9 7C       lda #124
 1565  00:CB46  8D 18 02    sta $218
 1566  00:CB49  A9 08       lda #8
 1567  00:CB4B  8D 1B 02    sta $21B
 1568  00:CB4E  A9 7C       lda #124
 1569  00:CB50  8D 1C 02    sta $21C
 1570  00:CB53  A9 10       lda #16
 1571  00:CB55  8D 1F 02    sta $21F
 1572  00:CB58  A9 6C       lda #108
 1573  00:CB5A  8D 20 02    sta $220
 1574  00:CB5D  A9 18       lda #24
 1575  00:CB5F  8D 23 02    sta $223
 1576  00:CB62  A9 6C       lda #108
 1577  00:CB64  8D 24 02    sta $224
 1578  00:CB67  A9 00       lda #0
 1579  00:CB69  8D 27 02    sta $227
 1580  00:CB6C  60          rts
 1581                       
 1582  00:CB6D            ennemie1_move_up:
 1583  00:CB6D  CE 30 02    dec $230
 1584  00:CB70  CE 34 02    dec $230+4
 1585  00:CB73  CE 38 02    dec $230+8
 1586  00:CB76  CE 3C 02    dec $230+12
 1587  00:CB79  CE 40 02    dec $230+16
 1588  00:CB7C  CE 44 02    dec $230+20
 1589  00:CB7F  CE 48 02    dec $230+24
 1590  00:CB82  CE 4C 02    dec $230+28
 1591  00:CB85  60          rts
 1592  00:CB86            ennemie1_move_down:
 1593  00:CB86  EE 30 02    inc $230
 1594  00:CB89  EE 34 02    inc $230+4
 1595  00:CB8C  EE 38 02    inc $230+8
 1596  00:CB8F  EE 3C 02    inc $230+12
 1597  00:CB92  EE 40 02    inc $230+16
 1598  00:CB95  EE 44 02    inc $230+20
 1599  00:CB98  EE 48 02    inc $230+24
 1600  00:CB9B  EE 4C 02    inc $230+28
 1601  00:CB9E  60          rts
 1602  00:CB9F            ennemie1_move_left:
 1603  00:CB9F  CE 33 02    dec $233
 1604  00:CBA2  CE 37 02    dec $233+4
 1605  00:CBA5  CE 3B 02    dec $233+8
 1606  00:CBA8  CE 3F 02    dec $233+12
 1607  00:CBAB  CE 43 02    dec $233+16
 1608  00:CBAE  CE 47 02    dec $233+20
 1609  00:CBB1  CE 4B 02    dec $233+24
 1610  00:CBB4  CE 4F 02    dec $233+28
 1611  00:CBB7  60          rts
 1612  00:CBB8            ennemie1_move_right:
 1613  00:CBB8  EE 33 02    inc $233
 1614  00:CBBB  EE 37 02    inc $233+4
 1615  00:CBBE  EE 3B 02    inc $233+8
 1616  00:CBC1  EE 3F 02    inc $233+12
 1617  00:CBC4  EE 43 02    inc $233+16
 1618  00:CBC7  EE 47 02    inc $233+20
 1619  00:CBCA  EE 4B 02    inc $233+24
 1620  00:CBCD  EE 4F 02    inc $233+28
 1621  00:CBD0  60          rts
 1622                       
 1623           0001        .bank 1
 1624           E000        .org $E000
 1625                       
 1626                     ;--Palettes--;
 1627  01:E000            palette1:
 1628  01:E000              .incbin "palette1.pal"
 1629  01:E010            palette2:
 1630  01:E010              .incbin "palette2.pal"
 1631                       ; Sprite palette:
 1632  01:E020  0F 1D 01    .db $0F,$1D,$01,$36
       01:E023  36        
 1633                       
 1634  01:E024            gb_palette:
 1635  01:E024  0A 1A 2A    .db $0A,$1A,$2A,$3A
       01:E027  3A        
 1636  01:E028  0A 1A 2A    .db $0A,$1A,$2A,$3A
       01:E02B  3A        
 1637  01:E02C  0A 1A 2A    .db $0A,$1A,$2A,$3A
       01:E02F  3A        
 1638  01:E030  0A 1A 2A    .db $0A,$1A,$2A,$3A
       01:E033  3A        
 1639                       
 1640  01:E034  0A 1A 2A    .db $0A,$1A,$2A,$3A
       01:E037  3A        
 1641  01:E038            bt_palette:
 1642  01:E038  0F 30 30    .db $0F,$30,$30,$30
       01:E03B  30        
 1643  01:E03C  0F 1D 30    .db $0F,$1D,$30,$30
       01:E03F  30        
 1644  01:E040  0F 1D 1D    .db $0F,$1D,$1D,$30
       01:E043  30        
 1645  01:E044  0F 30 1D    .db $0F,$30,$1D,$30
       01:E047  30        
 1646                       
 1647  01:E048  0F 1D 1D    .db $0F,$1D,$1D,$30
       01:E04B  30        
 1648                       
 1649                     ;--Sprites--;
 1650  01:E04C            player:
 1651                       ; $0200
 1652  01:E04C  64 00 00    .db 100,$00,$00,8  ; Head 1
       01:E04F  08        
 1653                       ; $0204
 1654  01:E050  64 01 00    .db 100,$01,$00,16 ; Head 2
       01:E053  10        
 1655                       
 1656                       ; $0208
 1657  01:E054  6C 02 00    .db 108,$02,$00,8  ; Torso 1
       01:E057  08        
 1658                       ; $020C
 1659  01:E058  6C 03 00    .db 108,$03,$00,16 ; Torso 2
       01:E05B  10        
 1660                       
 1661                       ; $0210
 1662  01:E05C  74 04 00    .db 116,$04,$00,8  ; Belly 1
       01:E05F  08        
 1663                       ; $0214
 1664  01:E060  74 05 00    .db 116,$05,$00,16 ; Belly 2
       01:E063  10        
 1665                       
 1666                       ; $0218
 1667  01:E064  7C 06 00    .db 124,$06,$00,8   ; Legs 1
       01:E067  08        
 1668                       ; $021C
 1669  01:E068  7C 07 00    .db 124,$07,$00,16  ; Legs 2
       01:E06B  10        
 1670                       
 1671                       ; $0220
 1672  01:E06C  6C FF 00    .db 108,$FF,$00,24  ; Arm 1
       01:E06F  18        
 1673                       ; $0224
 1674  01:E070  6C FF 00    .db 108,$FF,$00,0   ; Arm 2
       01:E073  00        
 1675                       
 1676  01:E074            ennemie1:
 1677                       ; $0230
 1678  01:E074  5A 15 00    .db 90,$15,$00,200
       01:E077  C8        
 1679  01:E078  5A 16 00    .db 90,$16,$00,208
       01:E07B  D0        
 1680                       
 1681  01:E07C  62 17 00    .db 98,$17,$00,200
       01:E07F  C8        
 1682  01:E080  62 18 00    .db 98,$18,$00,208
       01:E083  D0        
 1683                       
 1684  01:E084  6A 19 00    .db 106,$19,$00,200
       01:E087  C8        
 1685  01:E088  6A 1A 00    .db 106,$1A,$00,208
       01:E08B  D0        
 1686                       
 1687  01:E08C  72 1B 00    .db 114,$1B,$00,200
       01:E08F  C8        
 1688  01:E090  72 1C 00    .db 114,$1C,$00,208
       01:E093  D0        
 1689                     
 1690                     ;--Backgrounds--;
 1691  01:E094            credits:
 1692  01:E094              .incbin "credits.nam"
 1693  01:E494            main_menu:
 1694  01:E494              .incbin "main_menu.nam"
 1695  01:E894            intro:
 1696  01:E894              .incbin "binary.nam"
 1697                       
 1698  01:EC94            settings_bkg:
 1699  01:EC94              .incbin "settings.nam"
 1700                       
 1701                     ; Levels:
 1702  01:F094            level1:
 1703  01:F094              .incbin "level1.nam"
 1704  01:F494            level2:
 1705  01:F494              .incbin "level2.nam"
 1706                       
 1707                     ;--Other--;
 1708  01:F894            text1:
 1709  01:F894  20 48 65    .db " Hello John.",$FF
       01:F897  6C 6C 6F  
       01:F89A  20 4A 6F  
       01:F89D  68 6E 2E  
       01:F8A0  FF        
 1710  01:F8A1            text2:
 1711  01:F8A1  20 59 6F    .db " You're actually in the",$FF
       01:F8A4  75 27 72  
       01:F8A7  65 20 61  
       01:F8AA  63 74 75  
       01:F8AD  61 6C 6C  
       01:F8B0  79 20 69  
       01:F8B3  6E 20 74  
       01:F8B6  68 65 FF  
 1712  01:F8B9            text2p1:
 1713  01:F8B9  20 69 73    .db " island Cocos, in Costa",$FF
       01:F8BC  6C 61 6E  
       01:F8BF  64 20 43  
       01:F8C2  6F 63 6F  
       01:F8C5  73 2C 20  
       01:F8C8  69 6E 20  
       01:F8CB  43 6F 73  
       01:F8CE  74 61 FF  
 1714  01:F8D1            text2p2:
 1715  01:F8D1  20 52 69    .db " Rica. There are robots",$FF
       01:F8D4  63 61 2E  
       01:F8D7  20 54 68  
       01:F8DA  65 72 65  
       01:F8DD  20 61 72  
       01:F8E0  65 20 72  
       01:F8E3  6F 62 6F  
       01:F8E6  74 73 FF  
 1716  01:F8E9            text3:
 1717  01:F8E9  20 77 68    .db " who want to destroy   ",$FF
       01:F8EC  6F 20 77  
       01:F8EF  61 6E 74  
       01:F8F2  20 74 6F  
       01:F8F5  20 64 65  
       01:F8F8  73 74 72  
       01:F8FB  6F 79 20  
       01:F8FE  20 20 FF  
 1718  01:F901            text3p1:
 1719  01:F901  20 74 68    .db " the humantity! You    ",$FF
       01:F904  65 20 68  
       01:F907  75 6D 61  
       01:F90A  6E 74 69  
       01:F90D  74 79 21  
       01:F910  20 59 6F  
       01:F913  75 20 20  
       01:F916  20 20 FF  
 1720  01:F919            text3p2:
 1721  01:F919  20 6D 75    .db " must beat them. Bye.  ",$FF
       01:F91C  73 74 20  
       01:F91F  62 65 61  
       01:F922  74 20 74  
       01:F925  68 65 6D  
       01:F928  2E 20 42  
       01:F92B  79 65 2E  
       01:F92E  20 20 FF  
 1722                       
 1723  01:F931            text_lifes:
 1724  01:F931  20 4C 49    .db " LIFES: ",$FF
       01:F934  46 45 53  
       01:F937  3A 20 FF  
 1725                       
 1726           FFFA        .org $FFFA
 1727  01:FFFA  DC C4       .dw nmi
 1728  01:FFFC  00 C0       .dw reset
 1729  01:FFFE  00 00       .dw 0 ; IRQ
 1730                       
 1731           0002        .bank 2
 1732  02:0000              .incbin "bkg_tiles.chr"
 1733  02:1000              .incbin "spr_tiles.chr"
